<?xml version="1.0" encoding="UTF-8"?>
<!-- Generated by org.testng.reporters.JUnitReportReporter -->
<testsuite hostname="DESKTOP-MBLBABS" failures="0" tests="1" name="API2.AddBook" time="5.154" errors="0" timestamp="2023-06-06T12:32:51 IST" skipped="0">
  <testcase classname="API2.AddBook" name="addNewBook" time="5.154"/>
  <system-out/>
</testsuite> <!-- API2.AddBook -->
