<?xml version="1.0" encoding="UTF-8"?>
<!-- Generated by org.testng.reporters.JUnitReportReporter -->
<testsuite hostname="DESKTOP-MBLBABS" failures="0" tests="1" name="basicauth.BasicAuthntication" time="3.599" errors="0" timestamp="2023-05-29T13:34:42 IST" skipped="0">
  <testcase classname="basicauth.BasicAuthntication" name="basicauthntication" time="3.599"/>
  <system-out/>
</testsuite> <!-- basicauth.BasicAuthntication -->
