<?xml version="1.0" encoding="UTF-8"?>
<!-- Generated by org.testng.reporters.JUnitReportReporter -->
<testsuite hostname="DESKTOP-MBLBABS" failures="0" tests="1" name="api.Patch" time="4.065" errors="0" timestamp="2023-06-01T14:41:58 IST" skipped="0">
  <testcase classname="api.Patch" name="test" time="4.065"/>
  <system-out/>
</testsuite> <!-- api.Patch -->
