<?xml version="1.0" encoding="UTF-8"?>
<!-- Generated by org.testng.reporters.JUnitReportReporter -->
<testsuite hostname="DESKTOP-MBLBABS" failures="0" tests="1" name="api.Delete" time="4.407" errors="0" timestamp="2023-04-17T12:01:24 IST" skipped="0">
  <testcase classname="api.Delete" name="test04" time="4.407"/>
  <system-out/>
</testsuite> <!-- api.Delete -->
