<?xml version="1.0" encoding="UTF-8"?>
<!-- Generated by org.testng.reporters.JUnitReportReporter -->
<testsuite hostname="DESKTOP-MBLBABS" failures="0" tests="1" name="API2.PostMethod" time="3.063" errors="0" timestamp="2023-06-01T13:47:22 IST" skipped="0">
  <testcase classname="API2.PostMethod" name="PostApi" time="3.063"/>
  <system-out/>
</testsuite> <!-- API2.PostMethod -->
