<?xml version="1.0" encoding="UTF-8"?>
<!-- Generated by org.testng.reporters.JUnitReportReporter -->
<testsuite hostname="DESKTOP-MBLBABS" failures="0" tests="1" name="api.Patch" time="4.179" errors="0" timestamp="2023-04-17T11:51:50 IST" skipped="0">
  <testcase classname="api.Patch" name="test04" time="4.179"/>
  <system-out/>
</testsuite> <!-- api.Patch -->
