<?xml version="1.0" encoding="UTF-8"?>
<!-- Generated by org.testng.reporters.JUnitReportReporter -->
<testsuite hostname="DESKTOP-MBLBABS" failures="0" tests="1" name="api.Put" time="4.169" errors="0" timestamp="2023-04-17T11:46:57 IST" skipped="0">
  <testcase classname="api.Put" name="test03" time="4.169"/>
  <system-out/>
</testsuite> <!-- api.Put -->
