<?xml version="1.0" encoding="UTF-8"?>
<!-- Generated by org.testng.reporters.JUnitReportReporter -->
<testsuite hostname="DESKTOP-MBLBABS" failures="0" tests="1" name="api.Get" time="3.948" errors="0" timestamp="2023-05-29T12:57:42 IST" skipped="0">
  <testcase classname="api.Get" name="test02" time="3.948"/>
  <system-out/>
</testsuite> <!-- api.Get -->
