<?xml version="1.0" encoding="UTF-8"?>
<!-- Generated by org.testng.reporters.JUnitReportReporter -->
<testsuite hostname="DESKTOP-MBLBABS" failures="0" tests="1" name="API2.PostMethod" time="4.419" errors="0" timestamp="2023-05-26T14:16:01 IST" skipped="0">
  <testcase classname="API2.PostMethod" name="PostApi" time="4.419"/>
  <system-out/>
</testsuite> <!-- API2.PostMethod -->
