<?xml version="1.0" encoding="UTF-8"?>
<!-- Generated by org.testng.reporters.JUnitReportReporter -->
<testsuite hostname="DESKTOP-MBLBABS" failures="0" tests="1" name="api.Delete" time="7.206" errors="0" timestamp="2023-06-01T14:48:32 IST" skipped="0">
  <testcase classname="api.Delete" name="test" time="7.206"/>
  <system-out/>
</testsuite> <!-- api.Delete -->
