<?xml version="1.0" encoding="UTF-8"?>
<!-- Generated by org.testng.reporters.JUnitReportReporter -->
<testsuite hostname="DESKTOP-MBLBABS" failures="0" tests="1" name="api.Logout" time="3.659" errors="0" timestamp="2023-05-29T14:52:37 IST" skipped="0">
  <testcase classname="api.Logout" name="test02" time="3.659"/>
  <system-out/>
</testsuite> <!-- api.Logout -->
