<?xml version="1.0" encoding="UTF-8"?>
<!-- Generated by org.testng.reporters.JUnitReportReporter -->
<testsuite hostname="DESKTOP-MBLBABS" failures="0" tests="1" name="api.Getmethod" time="4.041" errors="0" timestamp="2023-05-28T10:56:50 IST" skipped="0">
  <testcase classname="api.Getmethod" name="test2" time="4.041"/>
  <system-out/>
</testsuite> <!-- api.Getmethod -->
