<?xml version="1.0" encoding="UTF-8"?>
<!-- Generated by org.testng.reporters.JUnitReportReporter -->
<testsuite hostname="DESKTOP-MBLBABS" failures="0" tests="1" name="api.Put" time="3.793" errors="0" timestamp="2023-06-01T14:38:13 IST" skipped="0">
  <testcase classname="api.Put" name="test" time="3.793"/>
  <system-out/>
</testsuite> <!-- api.Put -->
